<?xml version="1.0" encoding="UTF-8"?>
<!-- Generated by org.testng.reporters.JUnitReportReporter -->
<testsuite hostname="LAPTOP-8ML52989" failures="0" tests="1" name="section17.Lecture2" time="0.001" errors="0" timestamp="2022-07-14T13:34:45 IST" skipped="0">
  <testcase classname="section17.Lecture2" name="thirdTest" time="0.001"/>
  <system-out/>
</testsuite> <!-- section17.Lecture2 -->
