<?xml version="1.0" encoding="UTF-8"?>
<!-- Generated by org.testng.reporters.JUnitReportReporter -->
<testsuite hostname="LAPTOP-8ML52989" failures="0" tests="3" name="section17.Depends" time="0.005" errors="0" timestamp="2022-07-14T11:55:38 IST" skipped="1">
  <testcase classname="section17.Depends" name="AppLogin" time="0.000"/>
  <system-out/>
  <testcase classname="section17.Depends" name="WebLogin" time="0.005"/>
  <system-out/>
  <testcase classname="section17.Depends" name="mobileLogin">
    <skipped/>
  </testcase> <!-- mobileLogin -->
  <system-out/>
</testsuite> <!-- section17.Depends -->
