<?xml version="1.0" encoding="UTF-8"?>
<!-- Generated by org.testng.reporters.JUnitReportReporter -->
<testsuite hostname="LAPTOP-8ML52989" failures="0" tests="3" name="section17.DataProviderExample" time="0.007" errors="0" timestamp="2022-07-14T12:53:12 IST" skipped="0">
  <testcase classname="section17.DataProviderExample" name="loginDetails" time="0.005"/>
  <system-out/>
  <testcase classname="section17.DataProviderExample" name="loginDetails" time="0.001"/>
  <system-out/>
  <testcase classname="section17.DataProviderExample" name="loginDetails" time="0.001"/>
  <system-out/>
</testsuite> <!-- section17.DataProviderExample -->
