<?xml version="1.0" encoding="UTF-8"?>
<!-- Generated by org.testng.reporters.JUnitReportReporter -->
<testsuite hostname="LAPTOP-8ML52989" failures="0" tests="1" name="section17.Globalvariable" time="0.021" errors="0" timestamp="2022-07-14T14:01:52 IST" skipped="0">
  <testcase classname="section17.Globalvariable" name="getGlobalVariablevalues" time="0.021"/>
  <system-out/>
</testsuite> <!-- section17.Globalvariable -->
