<?xml version="1.0" encoding="UTF-8"?>
<!-- Generated by org.testng.reporters.JUnitReportReporter -->
<testsuite hostname="LAPTOP-8ML52989" failures="0" tests="2" name="section17.HomeLoanLogin" time="0.001" errors="0" timestamp="2022-07-14T13:34:45 IST" skipped="0">
  <testcase classname="section17.HomeLoanLogin" name="apiLoginHomeLoan" time="0.001"/>
  <system-out/>
  <testcase classname="section17.HomeLoanLogin" name="mobileAppLoginHomeLoan" time="0.000"/>
  <system-out/>
</testsuite> <!-- section17.HomeLoanLogin -->
