<?xml version="1.0" encoding="UTF-8"?>
<!-- Generated by org.testng.reporters.JUnitReportReporter -->
<testsuite hostname="LAPTOP-8ML52989" failures="0" tests="1" name="section23.ExcelDemo" time="1.548" errors="0" timestamp="2022-07-18T14:35:38 IST" skipped="0">
  <testcase classname="section23.ExcelDemo" name="getDataFromExcel" time="1.548"/>
  <system-out/>
</testsuite> <!-- section23.ExcelDemo -->
