<?xml version="1.0" encoding="UTF-8"?>
<!-- Generated by org.testng.reporters.JUnitReportReporter -->
<testsuite hostname="LAPTOP-8ML52989" failures="0" tests="1" name="academy.PageLogo" time="35.941" errors="0" timestamp="20 Jul 2022 14:20:32 GMT">
  <testcase classname="academy.PageLogo" name="validatePageLogo" time="35.941"/>
</testsuite> <!-- academy.PageLogo -->
