<?xml version="1.0" encoding="UTF-8"?>
<!-- Generated by org.testng.reporters.JUnitReportReporter -->
<testsuite hostname="LAPTOP-8ML52989" failures="0" tests="2" name="rahulshettyacademy.ExtentReports.SeleniumTest" time="49.450" errors="0" timestamp="2022-07-16T18:07:21 IST" skipped="0">
  <testcase classname="rahulshettyacademy.ExtentReports.SeleniumTest" name="secondSeleniumTest" time="15.796"/>
  <system-out/>
  <testcase classname="rahulshettyacademy.ExtentReports.SeleniumTest" name="firstSeleniumTest" time="33.654"/>
  <system-out/>
</testsuite> <!-- rahulshettyacademy.ExtentReports.SeleniumTest -->
