<?xml version="1.0" encoding="UTF-8"?>
<!-- Generated by org.testng.reporters.JUnitReportReporter -->
<testsuite hostname="LAPTOP-8ML52989" failures="0" tests="1" name="resources.Base" time="8.928" errors="0" timestamp="2022-07-19T16:54:59 IST" skipped="0">
  <testcase classname="resources.Base" name="initializeDriver" time="8.928"/>
  <system-out/>
</testsuite> <!-- resources.Base -->
