<?xml version="1.0" encoding="UTF-8"?>
<!-- Generated by org.testng.reporters.JUnitReportReporter -->
<testsuite hostname="LAPTOP-8ML52989" failures="0" tests="1" name="academy.PageLogo" time="21.239" errors="0" timestamp="2022-07-20T19:42:44 IST" skipped="0">
  <testcase classname="academy.PageLogo" name="validatePageLogo" time="21.239"/>
  <system-out/>
</testsuite> <!-- academy.PageLogo -->
