<?xml version="1.0" encoding="UTF-8"?>
<!-- Generated by org.testng.reporters.JUnitReportReporter -->
<testsuite hostname="LAPTOP-8ML52989" failures="0" tests="1" name="testcases.LoginPageFactory" time="8.245" errors="0" timestamp="2022-07-19T14:43:18 IST" skipped="0">
  <testcase classname="testcases.LoginPageFactory" name="Login" time="8.245"/>
  <system-out/>
</testsuite> <!-- testcases.LoginPageFactory -->
