<?xml version="1.0" encoding="UTF-8"?>
<!-- Generated by org.testng.reporters.JUnitReportReporter -->
<testsuite hostname="LAPTOP-8ML52989" failures="0" tests="1" name="testcases.LoginPage" time="25.687" errors="0" timestamp="2022-07-19T13:58:39 IST" skipped="0">
  <testcase classname="testcases.LoginPage" name="Login" time="25.687"/>
  <system-out/>
</testsuite> <!-- testcases.LoginPage -->
