<?xml version="1.0" encoding="UTF-8"?>
<!-- Generated by org.testng.reporters.JUnitReportReporter -->
<testsuite hostname="LAPTOP-8ML52989" failures="0" tests="2" name="Section19.MavenLearning.AppiumTest" time="0.001" errors="0" timestamp="15 Jul 2022 02:52:30 GMT">
  <testcase classname="Section19.MavenLearning.AppiumTest" name="getSubtraction" time="0.000"/>
  <testcase classname="Section19.MavenLearning.AppiumTest" name="getDivison" time="0.001"/>
</testsuite> <!-- Section19.MavenLearning.AppiumTest -->
