<?xml version="1.0" encoding="UTF-8"?>
<!-- Generated by org.testng.reporters.JUnitReportReporter -->
<testsuite hostname="LAPTOP-8ML52989" failures="0" tests="2" name="Section19.MavenLearning.SeleniumTest" time="0.004" errors="0" timestamp="15 Jul 2022 02:52:30 GMT">
  <testcase classname="Section19.MavenLearning.SeleniumTest" name="BrowseName" time="0.004"/>
  <testcase classname="Section19.MavenLearning.SeleniumTest" name="apiAutomationToolName" time="0.000"/>
</testsuite> <!-- Section19.MavenLearning.SeleniumTest -->
