<?xml version="1.0" encoding="UTF-8"?>
<!-- Generated by org.testng.reporters.JUnitReportReporter -->
<testsuite hostname="LAPTOP-8ML52989" failures="0" tests="2" name="Section19.MavenLearning.RestAPITest" time="0.001" errors="0" timestamp="15 Jul 2022 02:52:30 GMT">
  <testcase classname="Section19.MavenLearning.RestAPITest" name="getMultiply" time="0.000"/>
  <testcase classname="Section19.MavenLearning.RestAPITest" name="getData" time="0.001"/>
</testsuite> <!-- Section19.MavenLearning.RestAPITest -->
